This file contains any messages produced by compilers while
running configure, to aid debugging if configure makes a mistake.

It was created by configure, which was
generated by GNU Autoconf 2.57.  Invocation command line was

  $ ./configure --with-install-dir=/afs/cern.ch/user/s/sashby/scripts --with-install-name=scram2

## --------- ##
## Platform. ##
## --------- ##

hostname = pccms75.cern.ch
uname -m = i686
uname -r = 2.4.21-40.EL.cern
uname -s = Linux
uname -v = #1 Fri Mar 17 01:08:15 CET 2006

/usr/bin/uname -p = unknown
/bin/uname -X     = unknown

/bin/arch              = i686
/usr/bin/arch -k       = unknown
/usr/convex/getsysinfo = unknown
hostinfo               = unknown
/bin/machine           = unknown
/usr/bin/oslevel       = unknown
/bin/universe          = unknown

PATH: /afs/cern.ch/cms/sw/slc3_ia32_gcc323/external/graphviz/1.9/bin
PATH: /afs/cern.ch/user/s/sashby/bin
PATH: /afs/cern.ch/user/s/sashby/scripts
PATH: /usr/sue/bin
PATH: /afs/cern.ch/cms/bin/i386_linux24
PATH: /afs/cern.ch/cms/system/bin
PATH: /usr/local/bin
PATH: /usr/local/bin/X11
PATH: /usr/bin
PATH: /bin
PATH: /usr/bin/X11
PATH: /cern/pro/bin
PATH: /usr/kerberos/bin
PATH: /sbin
PATH: /afs/cern.ch/cms/sw/bin


## ----------- ##
## Core tests. ##
## ----------- ##

configure:1197: checking for SCRAM_HOME and installation area settings
configure:1205: result: /afs/cern.ch/user/s/sashby/w2/SCRAM/V2_0_0
configure:1207: checking for SCRAM version to install
configure:1211: result: V2_0_0
configure:1223: checking for Perl5
configure:1235: result: 5.8.0
configure:1243: checking for GNU Make
configure:1252: result: 3.79.1
configure:1257: checking for Perl executable location
configure:1267: result: using /usr/bin/env perl as default
configure:1277: checking for SITENAME settings
configure:1287: result: using default sitename (CERN)
configure:1297: checking for SCRAM Database location
configure:1310: result: using /afs/cern.ch/user/s/sashby/w2/SCRAM/scramdb
configure:1318: checking for name of SCRAM executable to be installed
configure:1335: result: scram executable will be called scram2
configure:1341: checking for installation area where scram is to be installed
configure:1355: result: scram executable will be installed at /afs/cern.ch/user/s/sashby/scripts
configure:1361: checking for directory where scram documentation is to be installed
configure:1375: result: scram documentation will be installed at /afs/cern.ch/user/s/sashby/w2/SCRAM/V2_0_0/doc
configure:1506: creating ./config.status

## ---------------------- ##
## Running config.status. ##
## ---------------------- ##

This file was extended by config.status, which was
generated by GNU Autoconf 2.57.  Invocation command line was

  CONFIG_FILES    = 
  CONFIG_HEADERS  = 
  CONFIG_LINKS    = 
  CONFIG_COMMANDS = 
  $ ./config.status 

on pccms75.cern.ch

config.status:603: creating SCRAM_SITE.pm
config.status:603: creating scram.pl
config.status:603: creating testsuite.pl
config.status:603: creating Makefile

## ---------------- ##
## Cache variables. ##
## ---------------- ##

ac_cv_env_build_alias_set=
ac_cv_env_build_alias_value=
ac_cv_env_host_alias_set=
ac_cv_env_host_alias_value=
ac_cv_env_target_alias_set=
ac_cv_env_target_alias_value=

## ----------------- ##
## Output variables. ##
## ----------------- ##

DEFS='-DPACKAGE_NAME=\"\" -DPACKAGE_TARNAME=\"\" -DPACKAGE_VERSION=\"\" -DPACKAGE_STRING=\"\" -DPACKAGE_BUGREPORT=\"\" '
ECHO_C=''
ECHO_N='-n'
ECHO_T=''
INSTALLDIR='/afs/cern.ch/user/s/sashby/w2/SCRAM/V2_0_0/src'
LIBOBJS=''
LIBS=''
LTLIBOBJS=''
PACKAGE_BUGREPORT=''
PACKAGE_NAME=''
PACKAGE_STRING=''
PACKAGE_TARNAME=''
PACKAGE_VERSION=''
PATH_SEPARATOR=':'
PERLEXE='/usr/bin/env perl'
SCRAM_BASEDIR='/afs/cern.ch/user/s/sashby/w2/SCRAM'
SCRAM_EXEDIR='/afs/cern.ch/user/s/sashby/scripts'
SCRAM_EXENAME='scram2'
SCRAM_HOME='/afs/cern.ch/user/s/sashby/w2/SCRAM/V2_0_0'
SCRAM_LOOKUPDB_DIR='/afs/cern.ch/user/s/sashby/w2/SCRAM/scramdb'
SCRAM_MANDIR='/afs/cern.ch/user/s/sashby/w2/SCRAM/V2_0_0/doc'
SCRAM_SITENAME='CERN'
SCRAM_VERSION='V2_0_0'
SHELL='/bin/sh'
bindir='${exec_prefix}/bin'
build_alias=''
datadir='${prefix}/share'
exec_prefix='${prefix}'
host_alias=''
includedir='${prefix}/include'
infodir='${prefix}/info'
libdir='${exec_prefix}/lib'
libexecdir='${exec_prefix}/libexec'
localstatedir='${prefix}/var'
mandir='${prefix}/man'
oldincludedir='/usr/include'
prefix='/usr/local'
program_transform_name='s,x,x,'
sbindir='${exec_prefix}/sbin'
sharedstatedir='${prefix}/com'
sysconfdir='${prefix}/etc'
target_alias=''

## ----------- ##
## confdefs.h. ##
## ----------- ##

#define PACKAGE_BUGREPORT ""
#define PACKAGE_NAME ""
#define PACKAGE_STRING ""
#define PACKAGE_TARNAME ""
#define PACKAGE_VERSION ""

configure: exit 0
